[I 2022-09-12 11:41:27.694 ServerApp] jupyterlab | extension was successfully linked.
[I 2022-09-12 11:41:27.703 ServerApp] nbclassic | extension was successfully linked.
connect_to localhost port 9001: failed.
connect_to localhost port 9001: failed.
connect_to localhost port 9001: failed.
connect_to localhost port 9001: failed.
connect_to localhost port 9001: failed.
connect_to localhost port 9001: failed.
[I 2022-09-12 11:41:34.734 ServerApp] notebook_shim | extension was successfully linked.
[I 2022-09-12 11:41:35.006 ServerApp] notebook_shim | extension was successfully loaded.
[I 2022-09-12 11:41:35.007 LabApp] JupyterLab extension loaded from /hpc/group/G_BIOSCIENZE/.conda/envs/cotr/lib/python3.10/site-packages/jupyterlab
[I 2022-09-12 11:41:35.007 LabApp] JupyterLab application directory is /hpc/group/G_BIOSCIENZE/.conda/envs/cotr/share/jupyter/lab
[I 2022-09-12 11:41:35.031 ServerApp] jupyterlab | extension was successfully loaded.
[I 2022-09-12 11:41:35.114 ServerApp] nbclassic | extension was successfully loaded.
[I 2022-09-12 11:41:35.116 ServerApp] Serving notebooks from local directory: /hpc/home/carlo.derito
[I 2022-09-12 11:41:35.116 ServerApp] Jupyter Server 1.18.1 is running at:
[I 2022-09-12 11:41:35.116 ServerApp] http://localhost:9001/lab?token=597fa727bf36562d2b8e768b5f4dcca0aa643a115dfd03f7
[I 2022-09-12 11:41:35.116 ServerApp]  or http://127.0.0.1:9001/lab?token=597fa727bf36562d2b8e768b5f4dcca0aa643a115dfd03f7
[I 2022-09-12 11:41:35.116 ServerApp] Use Control-C to stop this server and shut down all kernels (twice to skip confirmation).
[C 2022-09-12 11:41:35.128 ServerApp] 
    
    To access the server, open this file in a browser:
        file:///hpc/home/carlo.derito/.local/share/jupyter/runtime/jpserver-123194-open.html
    Or copy and paste one of these URLs:
        http://localhost:9001/lab?token=597fa727bf36562d2b8e768b5f4dcca0aa643a115dfd03f7
     or http://127.0.0.1:9001/lab?token=597fa727bf36562d2b8e768b5f4dcca0aa643a115dfd03f7
[I 2022-09-12 11:41:37.325 LabApp] 302 GET /lab/tree/G_BIOSCIENZE/concordant (::1) 2.42ms
[W 2022-09-12 11:42:51.441 LabApp] Could not determine jupyterlab build status without nodejs
[I 2022-09-12 11:42:55.787 ServerApp] New terminal with automatic name: 1
[I 2022-09-12 11:42:58.264 ServerApp] Kernel started: fbc6a941-371c-4343-886d-47ebac861671
[I 2022-09-12 11:43:02.193 ServerApp] Saving file at /G_BIOSCIENZE/concordant/definitivo_set2/Concordant.ipynb
Traceback (most recent call last):
  File "/hpc/group/G_BIOSCIENZE/.conda/envs/cotr/lib/python3.10/runpy.py", line 196, in _run_module_as_main
    return _run_code(code, main_globals, None,
  File "/hpc/group/G_BIOSCIENZE/.conda/envs/cotr/lib/python3.10/runpy.py", line 86, in _run_code
    exec(code, run_globals)
  File "/hpc/group/G_BIOSCIENZE/.conda/envs/cotr/lib/python3.10/site-packages/ipykernel_launcher.py", line 17, in <module>
    app.launch_new_instance()
  File "/hpc/group/G_BIOSCIENZE/.conda/envs/cotr/lib/python3.10/site-packages/traitlets/config/application.py", line 975, in launch_instance
    app.initialize(argv)
  File "/hpc/group/G_BIOSCIENZE/.conda/envs/cotr/lib/python3.10/site-packages/traitlets/config/application.py", line 110, in inner
    return method(app, *args, **kwargs)
  File "/hpc/group/G_BIOSCIENZE/.conda/envs/cotr/lib/python3.10/site-packages/ipykernel/kernelapp.py", line 666, in initialize
    self.init_sockets()
  File "/hpc/group/G_BIOSCIENZE/.conda/envs/cotr/lib/python3.10/site-packages/ipykernel/kernelapp.py", line 322, in init_sockets
    self.init_iopub(context)
  File "/hpc/group/G_BIOSCIENZE/.conda/envs/cotr/lib/python3.10/site-packages/ipykernel/kernelapp.py", line 349, in init_iopub
    self.iopub_port = self._bind_socket(self.iopub_socket, self.iopub_port)
  File "/hpc/group/G_BIOSCIENZE/.conda/envs/cotr/lib/python3.10/site-packages/ipykernel/kernelapp.py", line 244, in _bind_socket
    return self._try_bind_socket(s, port)
  File "/hpc/group/G_BIOSCIENZE/.conda/envs/cotr/lib/python3.10/site-packages/ipykernel/kernelapp.py", line 220, in _try_bind_socket
    s.bind("tcp://%s:%i" % (self.ip, port))
  File "/hpc/group/G_BIOSCIENZE/.conda/envs/cotr/lib/python3.10/site-packages/zmq/sugar/socket.py", line 230, in bind
    super().bind(addr)
  File "zmq/backend/cython/socket.pyx", line 562, in zmq.backend.cython.socket.Socket.bind
  File "zmq/backend/cython/checkrc.pxd", line 28, in zmq.backend.cython.checkrc._check_rc
zmq.error.ZMQError: Address already in use
[W 2022-09-12 11:43:27.488 ServerApp] delete /G_BIOSCIENZE/concordant/definitivo_set2/condarc
[W 2022-09-12 11:43:27.488 ServerApp] Skipping trash for /hpc/home/carlo.derito/G_BIOSCIENZE/concordant/definitivo_set2/condarc, on different device to home directory
[I 2022-09-12 11:43:47.112 ServerApp] Copying G_BIOSCIENZE/concordant/definitivo_set2/testing/utilities to /G_BIOSCIENZE/concordant/Cotransitions/Notebook
[W 2022-09-12 11:43:47.177 ServerApp] 400 POST /api/contents/G_BIOSCIENZE/concordant/Cotransitions/Notebook?1662975827020 (::1): Can't copy directories
[W 2022-09-12 11:43:47.178 ServerApp] Can't copy directories
[W 2022-09-12 11:43:47.178 ServerApp] 400 POST /api/contents/G_BIOSCIENZE/concordant/Cotransitions/Notebook?1662975827020 (::1) 67.88ms referer=http://localhost:9001/lab/tree/G_BIOSCIENZE/concordant/definitivo_set2/Concordant.ipynb
[I 2022-09-12 11:43:47.181 ServerApp] Copying G_BIOSCIENZE/concordant/definitivo_set2/testing/external to /G_BIOSCIENZE/concordant/Cotransitions/Notebook
[W 2022-09-12 11:43:47.203 ServerApp] 400 POST /api/contents/G_BIOSCIENZE/concordant/Cotransitions/Notebook?1662975827021 (::1): Can't copy directories
[W 2022-09-12 11:43:47.204 ServerApp] Can't copy directories
[W 2022-09-12 11:43:47.204 ServerApp] 400 POST /api/contents/G_BIOSCIENZE/concordant/Cotransitions/Notebook?1662975827021 (::1) 25.22ms referer=http://localhost:9001/lab/tree/G_BIOSCIENZE/concordant/definitivo_set2/Concordant.ipynb
[I 2022-09-12 11:43:47.206 ServerApp] Copying G_BIOSCIENZE/concordant/definitivo_set2/testing/Concordant_clean.ipynb to /G_BIOSCIENZE/concordant/Cotransitions/Notebook
[W 2022-09-12 11:43:58.563 ServerApp] Timeout waiting for kernel_info reply from fbc6a941-371c-4343-886d-47ebac861671
[I 2022-09-12 11:43:58.996 ServerApp] Kernel started: a308a76a-2629-4c47-8570-f745dfc8f686
[W 2022-09-12 11:44:03.089 ServerApp] Nudge: attempt 10 on kernel fbc6a941-371c-4343-886d-47ebac861671
[W 2022-09-12 11:44:03.090 ServerApp] Nudge: attempt 10 on kernel fbc6a941-371c-4343-886d-47ebac861671
[W 2022-09-12 11:44:03.094 ServerApp] Nudge: attempt 10 on kernel fbc6a941-371c-4343-886d-47ebac861671
[W 2022-09-12 11:44:08.109 ServerApp] Nudge: attempt 20 on kernel fbc6a941-371c-4343-886d-47ebac861671
[W 2022-09-12 11:44:08.110 ServerApp] Nudge: attempt 20 on kernel fbc6a941-371c-4343-886d-47ebac861671
[W 2022-09-12 11:44:08.111 ServerApp] Nudge: attempt 20 on kernel fbc6a941-371c-4343-886d-47ebac861671
[W 2022-09-12 11:44:13.131 ServerApp] Nudge: attempt 30 on kernel fbc6a941-371c-4343-886d-47ebac861671
[W 2022-09-12 11:44:13.132 ServerApp] Nudge: attempt 30 on kernel fbc6a941-371c-4343-886d-47ebac861671
[W 2022-09-12 11:44:13.133 ServerApp] Nudge: attempt 30 on kernel fbc6a941-371c-4343-886d-47ebac861671
[W 2022-09-12 11:44:18.147 ServerApp] Nudge: attempt 40 on kernel fbc6a941-371c-4343-886d-47ebac861671
[W 2022-09-12 11:44:18.148 ServerApp] Nudge: attempt 40 on kernel fbc6a941-371c-4343-886d-47ebac861671
[W 2022-09-12 11:44:18.149 ServerApp] Nudge: attempt 40 on kernel fbc6a941-371c-4343-886d-47ebac861671
[W 2022-09-12 11:44:23.165 ServerApp] Nudge: attempt 50 on kernel fbc6a941-371c-4343-886d-47ebac861671
[W 2022-09-12 11:44:23.166 ServerApp] Nudge: attempt 50 on kernel fbc6a941-371c-4343-886d-47ebac861671
[W 2022-09-12 11:44:23.167 ServerApp] Nudge: attempt 50 on kernel fbc6a941-371c-4343-886d-47ebac861671
[W 2022-09-12 11:44:28.182 ServerApp] Nudge: attempt 60 on kernel fbc6a941-371c-4343-886d-47ebac861671
[W 2022-09-12 11:44:28.183 ServerApp] Nudge: attempt 60 on kernel fbc6a941-371c-4343-886d-47ebac861671
[W 2022-09-12 11:44:28.184 ServerApp] Nudge: attempt 60 on kernel fbc6a941-371c-4343-886d-47ebac861671
[W 2022-09-12 11:44:33.208 ServerApp] Nudge: attempt 70 on kernel fbc6a941-371c-4343-886d-47ebac861671
[W 2022-09-12 11:44:33.209 ServerApp] Nudge: attempt 70 on kernel fbc6a941-371c-4343-886d-47ebac861671
[W 2022-09-12 11:44:33.211 ServerApp] Nudge: attempt 70 on kernel fbc6a941-371c-4343-886d-47ebac861671
[I 2022-09-12 11:44:36.517 ServerApp] Saving file at /G_BIOSCIENZE/concordant/Cotransitions/Notebook/Concordant.ipynb
[W 2022-09-12 11:44:38.235 ServerApp] Nudge: attempt 80 on kernel fbc6a941-371c-4343-886d-47ebac861671
[W 2022-09-12 11:44:38.236 ServerApp] Nudge: attempt 80 on kernel fbc6a941-371c-4343-886d-47ebac861671
[W 2022-09-12 11:44:38.237 ServerApp] Nudge: attempt 80 on kernel fbc6a941-371c-4343-886d-47ebac861671
[W 2022-09-12 11:44:43.261 ServerApp] Nudge: attempt 90 on kernel fbc6a941-371c-4343-886d-47ebac861671
[W 2022-09-12 11:44:43.262 ServerApp] Nudge: attempt 90 on kernel fbc6a941-371c-4343-886d-47ebac861671
[W 2022-09-12 11:44:43.264 ServerApp] Nudge: attempt 90 on kernel fbc6a941-371c-4343-886d-47ebac861671
[W 2022-09-12 11:44:48.290 ServerApp] Nudge: attempt 100 on kernel fbc6a941-371c-4343-886d-47ebac861671
[W 2022-09-12 11:44:48.291 ServerApp] Nudge: attempt 100 on kernel fbc6a941-371c-4343-886d-47ebac861671
[W 2022-09-12 11:44:48.292 ServerApp] Nudge: attempt 100 on kernel fbc6a941-371c-4343-886d-47ebac861671
[W 2022-09-12 11:44:53.318 ServerApp] Nudge: attempt 110 on kernel fbc6a941-371c-4343-886d-47ebac861671
[W 2022-09-12 11:44:53.319 ServerApp] Nudge: attempt 110 on kernel fbc6a941-371c-4343-886d-47ebac861671
[W 2022-09-12 11:44:53.320 ServerApp] Nudge: attempt 110 on kernel fbc6a941-371c-4343-886d-47ebac861671
[I 2022-09-12 11:44:54.784 ServerApp] Kernel restarted: a308a76a-2629-4c47-8570-f745dfc8f686
[I 2022-09-12 11:44:56.970 ServerApp] Saving file at /G_BIOSCIENZE/concordant/Cotransitions/Notebook/Concordant.ipynb
[W 2022-09-12 11:44:58.339 ServerApp] Nudge: attempt 120 on kernel fbc6a941-371c-4343-886d-47ebac861671
[W 2022-09-12 11:44:58.340 ServerApp] Nudge: attempt 120 on kernel fbc6a941-371c-4343-886d-47ebac861671
[W 2022-09-12 11:44:58.341 ServerApp] Nudge: attempt 120 on kernel fbc6a941-371c-4343-886d-47ebac861671
[E 2022-09-12 11:44:58.569 ServerApp] Uncaught exception GET /api/kernels/fbc6a941-371c-4343-886d-47ebac861671/channels?session_id=51da9849-bfb1-4d85-a42e-ce458e71973c (::1)
    HTTPServerRequest(protocol='http', host='localhost:9001', method='GET', uri='/api/kernels/fbc6a941-371c-4343-886d-47ebac861671/channels?session_id=51da9849-bfb1-4d85-a42e-ce458e71973c', version='HTTP/1.1', remote_ip='::1')
    Traceback (most recent call last):
      File "/hpc/group/G_BIOSCIENZE/.conda/envs/cotr/lib/python3.10/site-packages/tornado/websocket.py", line 944, in _accept_connection
        await open_result
    asyncio.exceptions.TimeoutError: Timeout
[E 2022-09-12 11:44:58.599 ServerApp] Uncaught exception GET /api/kernels/fbc6a941-371c-4343-886d-47ebac861671/channels?session_id=01e1356e-d743-49bb-ba49-56df3919dcca (::1)
    HTTPServerRequest(protocol='http', host='localhost:9001', method='GET', uri='/api/kernels/fbc6a941-371c-4343-886d-47ebac861671/channels?session_id=01e1356e-d743-49bb-ba49-56df3919dcca', version='HTTP/1.1', remote_ip='::1')
    Traceback (most recent call last):
      File "/hpc/group/G_BIOSCIENZE/.conda/envs/cotr/lib/python3.10/site-packages/tornado/websocket.py", line 944, in _accept_connection
        await open_result
    asyncio.exceptions.TimeoutError: Timeout
[E 2022-09-12 11:44:58.600 ServerApp] Uncaught exception GET /api/kernels/fbc6a941-371c-4343-886d-47ebac861671/channels?session_id=e507ecfa-87ce-476c-b551-9cd87ee1c56e (::1)
    HTTPServerRequest(protocol='http', host='localhost:9001', method='GET', uri='/api/kernels/fbc6a941-371c-4343-886d-47ebac861671/channels?session_id=e507ecfa-87ce-476c-b551-9cd87ee1c56e', version='HTTP/1.1', remote_ip='::1')
    Traceback (most recent call last):
      File "/hpc/group/G_BIOSCIENZE/.conda/envs/cotr/lib/python3.10/site-packages/tornado/websocket.py", line 944, in _accept_connection
        await open_result
    asyncio.exceptions.TimeoutError: Timeout
[W 2022-09-12 11:44:58.648 ServerApp] Replacing stale connection: fbc6a941-371c-4343-886d-47ebac861671:51da9849-bfb1-4d85-a42e-ce458e71973c
[W 2022-09-12 11:44:58.933 ServerApp] Replacing stale connection: fbc6a941-371c-4343-886d-47ebac861671:01e1356e-d743-49bb-ba49-56df3919dcca
[I 2022-09-12 11:46:00.843 ServerApp] Creating new directory in /G_BIOSCIENZE/concordant/Cotransitions/Notebook
[W 2022-09-12 11:46:31.885 ServerApp] delete /G_BIOSCIENZE/concordant/Cotransitions/Notebook/external
[W 2022-09-12 11:46:31.885 ServerApp] Skipping trash for /hpc/home/carlo.derito/G_BIOSCIENZE/concordant/Cotransitions/Notebook/external, on different device to home directory
[I 2022-09-12 11:46:57.022 ServerApp] Saving file at /G_BIOSCIENZE/concordant/Cotransitions/Notebook/Concordant.ipynb
[I 2022-09-12 11:47:01.462 ServerApp] Saving file at /G_BIOSCIENZE/concordant/Cotransitions/Notebook/Concordant.ipynb
[I 2022-09-12 11:47:11.180 ServerApp] Saving file at /G_BIOSCIENZE/concordant/Cotransitions/Notebook/Concordant.ipynb
[I 2022-09-12 11:47:45.185 ServerApp] Saving file at /G_BIOSCIENZE/concordant/Cotransitions/Notebook/Concordant.ipynb
[I 2022-09-12 11:48:13.950 ServerApp] Saving file at /G_BIOSCIENZE/concordant/Cotransitions/Notebook/Concordant.ipynb
[I 2022-09-12 11:48:19.797 ServerApp] Saving file at /G_BIOSCIENZE/concordant/Cotransitions/Notebook/Concordant.ipynb
[I 2022-09-12 11:48:34.240 ServerApp] Creating new directory in /G_BIOSCIENZE/concordant/Cotransitions/Notebook
[I 2022-09-12 11:48:36.902 ServerApp] Saving file at /G_BIOSCIENZE/concordant/Cotransitions/Notebook/Concordant.ipynb
[W 2022-09-12 11:48:58.621 ServerApp] Replacing stale connection: fbc6a941-371c-4343-886d-47ebac861671:e507ecfa-87ce-476c-b551-9cd87ee1c56e
[I 2022-09-12 11:48:58.625 ServerApp] Starting buffering for fbc6a941-371c-4343-886d-47ebac861671:e507ecfa-87ce-476c-b551-9cd87ee1c56e
[W 2022-09-12 11:48:58.908 ServerApp] Replacing stale connection: fbc6a941-371c-4343-886d-47ebac861671:51da9849-bfb1-4d85-a42e-ce458e71973c
[W 2022-09-12 11:48:59.401 ServerApp] Replacing stale connection: fbc6a941-371c-4343-886d-47ebac861671:01e1356e-d743-49bb-ba49-56df3919dcca
[I 2022-09-12 11:50:37.634 ServerApp] Saving file at /G_BIOSCIENZE/concordant/Cotransitions/Notebook/Concordant.ipynb
[I 2022-09-12 11:52:38.376 ServerApp] Saving file at /G_BIOSCIENZE/concordant/Cotransitions/Notebook/Concordant.ipynb
[W 2022-09-12 11:52:58.910 ServerApp] Replacing stale connection: fbc6a941-371c-4343-886d-47ebac861671:e507ecfa-87ce-476c-b551-9cd87ee1c56e
[W 2022-09-12 11:52:59.293 ServerApp] Replacing stale connection: fbc6a941-371c-4343-886d-47ebac861671:51da9849-bfb1-4d85-a42e-ce458e71973c
[W 2022-09-12 11:53:01.729 ServerApp] Replacing stale connection: fbc6a941-371c-4343-886d-47ebac861671:01e1356e-d743-49bb-ba49-56df3919dcca
[I 2022-09-12 11:53:51.273 ServerApp] Saving file at /G_BIOSCIENZE/concordant/Cotransitions/Notebook/Concordant.ipynb
[I 2022-09-12 11:54:44.478 ServerApp] Saving file at /G_BIOSCIENZE/concordant/Cotransitions/Notebook/Concordant.ipynb
[I 2022-09-12 11:55:09.334 ServerApp] Copying G_BIOSCIENZE/concordant/definitivo_set2/testing/utilities/oguni2chunk.py to /G_BIOSCIENZE/concordant/Cotransitions/Utilities
[I 2022-09-12 11:55:09.343 ServerApp] Copying G_BIOSCIENZE/concordant/definitivo_set2/testing/utilities/funcs.py to /G_BIOSCIENZE/concordant/Cotransitions/Utilities
[I 2022-09-12 11:55:09.351 ServerApp] Copying G_BIOSCIENZE/concordant/definitivo_set2/testing/utilities/oginfo.py to /G_BIOSCIENZE/concordant/Cotransitions/Utilities
[I 2022-09-12 11:55:09.357 ServerApp] Copying G_BIOSCIENZE/concordant/definitivo_set2/testing/utilities/enrich.R to /G_BIOSCIENZE/concordant/Cotransitions/Utilities
[I 2022-09-12 11:55:39.516 ServerApp] Saving file at /G_BIOSCIENZE/concordant/Cotransitions/Notebook/Concordant.ipynb
[I 2022-09-12 11:55:44.841 ServerApp] Saving file at /G_BIOSCIENZE/concordant/Cotransitions/Notebook/Concordant.ipynb
[I 2022-09-12 11:56:03.151 ServerApp] Saving file at /G_BIOSCIENZE/concordant/Cotransitions/Notebook/Concordant.ipynb
[W 2022-09-12 11:56:59.295 ServerApp] Replacing stale connection: fbc6a941-371c-4343-886d-47ebac861671:e507ecfa-87ce-476c-b551-9cd87ee1c56e
[W 2022-09-12 11:57:01.430 ServerApp] Replacing stale connection: fbc6a941-371c-4343-886d-47ebac861671:51da9849-bfb1-4d85-a42e-ce458e71973c
[W 2022-09-12 11:57:02.562 ServerApp] Replacing stale connection: fbc6a941-371c-4343-886d-47ebac861671:01e1356e-d743-49bb-ba49-56df3919dcca
[I 2022-09-12 11:57:24.068 ServerApp] Saving file at /G_BIOSCIENZE/concordant/Cotransitions/Notebook/Concordant.ipynb
[I 2022-09-12 11:57:37.738 ServerApp] Saving file at /G_BIOSCIENZE/concordant/Cotransitions/Notebook/Concordant.ipynb
[I 2022-09-12 11:58:38.699 ServerApp] Saving file at /G_BIOSCIENZE/concordant/Cotransitions/Notebook/Concordant.ipynb
[I 2022-09-12 11:58:55.128 ServerApp] Saving file at /G_BIOSCIENZE/concordant/Cotransitions/Notebook/Concordant.ipynb
[I 2022-09-12 11:59:20.298 ServerApp] Creating new directory in /G_BIOSCIENZE/concordant/Cotransitions/Notebook
[I 2022-09-12 11:59:31.877 ServerApp] Saving file at /G_BIOSCIENZE/concordant/Cotransitions/Notebook/Concordant.ipynb
[I 2022-09-12 11:59:36.908 ServerApp] Saving file at /G_BIOSCIENZE/concordant/Cotransitions/Notebook/Concordant.ipynb
[I 2022-09-12 12:00:20.696 ServerApp] Kernel started: ac5fca56-2ae0-40a6-88c8-cb2fef31ebff
[W 2022-09-12 12:00:21.184 ServerApp] Replacing stale connection: fbc6a941-371c-4343-886d-47ebac861671:e507ecfa-87ce-476c-b551-9cd87ee1c56e
[W 2022-09-12 12:01:06.835 ServerApp] Replacing stale connection: fbc6a941-371c-4343-886d-47ebac861671:e507ecfa-87ce-476c-b551-9cd87ee1c56e
[W 2022-09-12 12:01:11.738 ServerApp] Replacing stale connection: fbc6a941-371c-4343-886d-47ebac861671:51da9849-bfb1-4d85-a42e-ce458e71973c
[I 2022-09-12 12:01:36.948 ServerApp] Saving file at /G_BIOSCIENZE/concordant/Cotransitions/Notebook/Concordant.ipynb
[I 2022-09-12 12:02:20.032 ServerApp] Saving file at /G_BIOSCIENZE/concordant/definitivo_set2/testing/Concordant_clean.ipynb
[I 2022-09-12 12:05:22.174 ServerApp] Saving file at /G_BIOSCIENZE/concordant/Cotransitions/Notebook/Concordant.ipynb
[W 2022-09-12 12:05:24.342 ServerApp] Replacing stale connection: fbc6a941-371c-4343-886d-47ebac861671:e507ecfa-87ce-476c-b551-9cd87ee1c56e
[W 2022-09-12 12:05:38.087 ServerApp] Replacing stale connection: fbc6a941-371c-4343-886d-47ebac861671:51da9849-bfb1-4d85-a42e-ce458e71973c
[I 2022-09-12 12:06:53.084 ServerApp] Saving file at /G_BIOSCIENZE/concordant/Cotransitions/Notebook/Concordant.ipynb
[I 2022-09-12 12:07:21.055 ServerApp] Saving file at /G_BIOSCIENZE/concordant/Cotransitions/Notebook/Concordant.ipynb
[I 2022-09-12 12:08:30.201 ServerApp] Kernel interrupted: a308a76a-2629-4c47-8570-f745dfc8f686
[W 2022-09-12 12:08:46.548 ServerApp] delete /G_BIOSCIENZE/concordant/Cotransitions/Notebook/og_uni_Eukaryota.tsv
[W 2022-09-12 12:08:46.549 ServerApp] Skipping trash for /hpc/home/carlo.derito/G_BIOSCIENZE/concordant/Cotransitions/Notebook/og_uni_Eukaryota.tsv, on different device to home directory
[I 2022-09-12 12:08:54.882 ServerApp] Saving file at /G_BIOSCIENZE/concordant/Cotransitions/Notebook/Concordant.ipynb
[I 2022-09-12 12:09:37.975 ServerApp] Saving file at /G_BIOSCIENZE/concordant/Cotransitions/Notebook/Concordant.ipynb
[W 2022-09-12 12:09:41.288 ServerApp] Replacing stale connection: fbc6a941-371c-4343-886d-47ebac861671:51da9849-bfb1-4d85-a42e-ce458e71973c
[I 2022-09-12 12:10:02.607 ServerApp] Saving file at /G_BIOSCIENZE/concordant/Cotransitions/Notebook/Concordant.ipynb
[W 2022-09-12 12:10:07.157 ServerApp] Replacing stale connection: fbc6a941-371c-4343-886d-47ebac861671:e507ecfa-87ce-476c-b551-9cd87ee1c56e
[I 2022-09-12 12:10:46.402 ServerApp] Saving file at /G_BIOSCIENZE/concordant/Cotransitions/Notebook/Concordant.ipynb
[I 2022-09-12 12:10:55.921 ServerApp] Saving file at /G_BIOSCIENZE/concordant/Cotransitions/Notebook/Concordant.ipynb
[I 2022-09-12 12:12:55.977 ServerApp] Saving file at /G_BIOSCIENZE/concordant/Cotransitions/Notebook/Concordant.ipynb
[I 2022-09-12 12:16:25.303 ServerApp] Saving file at /G_BIOSCIENZE/concordant/Cotransitions/Notebook/Concordant.ipynb
[I 2022-09-12 12:16:46.537 ServerApp] Saving file at /G_BIOSCIENZE/concordant/Cotransitions/Notebook/Concordant.ipynb
[I 2022-09-12 12:16:50.045 ServerApp] Saving file at /G_BIOSCIENZE/concordant/Cotransitions/Notebook/Concordant.ipynb
[I 2022-09-12 12:16:56.442 ServerApp] Saving file at /G_BIOSCIENZE/concordant/Cotransitions/Notebook/Concordant.ipynb
[I 2022-09-12 12:17:07.618 ServerApp] Saving file at /G_BIOSCIENZE/concordant/Cotransitions/Notebook/Concordant.ipynb
[I 2022-09-12 12:18:00.667 ServerApp] Saving file at /G_BIOSCIENZE/concordant/Cotransitions/Notebook/Concordant.ipynb
[I 2022-09-12 12:18:06.862 ServerApp] Saving file at /G_BIOSCIENZE/concordant/Cotransitions/Notebook/Concordant.ipynb
[I 2022-09-12 12:18:14.360 ServerApp] Saving file at /G_BIOSCIENZE/concordant/Cotransitions/Notebook/Concordant.ipynb
[I 2022-09-12 12:19:11.308 ServerApp] Saving file at /G_BIOSCIENZE/concordant/definitivo_set2/Concordant.ipynb
[W 2022-09-12 12:19:14.014 ServerApp] Nudge: attempt 10 on kernel fbc6a941-371c-4343-886d-47ebac861671
[W 2022-09-12 12:19:19.039 ServerApp] Nudge: attempt 20 on kernel fbc6a941-371c-4343-886d-47ebac861671
[W 2022-09-12 12:19:24.061 ServerApp] Nudge: attempt 30 on kernel fbc6a941-371c-4343-886d-47ebac861671
[W 2022-09-12 12:19:29.085 ServerApp] Nudge: attempt 40 on kernel fbc6a941-371c-4343-886d-47ebac861671
[I 2022-09-12 12:19:30.717 ServerApp] Kernel started: 9523215e-181a-4130-8d5d-62d5b27087dd
[I 2022-09-12 12:19:30.718 ServerApp] Kernel shutdown: fbc6a941-371c-4343-886d-47ebac861671
Exception ignored in atexit callback: <bound method IPKernelApp.close of <ipykernel.kernelapp.IPKernelApp object at 0x7fe0256060e0>>
Traceback (most recent call last):
  File "/hpc/group/G_BIOSCIENZE/.conda/envs/cotr/lib/python3.10/site-packages/ipykernel/kernelapp.py", line 395, in close
    self.context.term()
  File "/hpc/group/G_BIOSCIENZE/.conda/envs/cotr/lib/python3.10/site-packages/zmq/sugar/context.py", line 192, in term
    super().term()
  File "zmq/backend/cython/context.pyx", line 83, in zmq.backend.cython.context.Context.term
  File "zmq/backend/cython/checkrc.pxd", line 13, in zmq.backend.cython.checkrc._check_rc
KeyboardInterrupt: 
[W 2022-09-12 12:19:31.098 ServerApp] Got events for closed stream <zmq.eventloop.zmqstream.ZMQStream object at 0x7f4dfc4d6cb0>
[W 2022-09-12 12:19:31.099 ServerApp] Got events for closed stream <zmq.eventloop.zmqstream.ZMQStream object at 0x7f4dfc4d6ef0>
[W 2022-09-12 12:19:31.099 ServerApp] Got events for closed stream <zmq.eventloop.zmqstream.ZMQStream object at 0x7f4dfc4d6cb0>
[W 2022-09-12 12:19:31.099 ServerApp] Got events for closed stream <zmq.eventloop.zmqstream.ZMQStream object at 0x7f4dfc4d6cb0>
[W 2022-09-12 12:19:31.099 ServerApp] Got events for closed stream <zmq.eventloop.zmqstream.ZMQStream object at 0x7f4dfc4d6ef0>
[I 2022-09-12 12:20:19.496 ServerApp] Saving file at /G_BIOSCIENZE/concordant/definitivo_set2/Concordant.ipynb
[I 2022-09-12 12:20:31.030 ServerApp] Saving file at /G_BIOSCIENZE/concordant/definitivo_set2/Concordant.ipynb
[I 2022-09-12 12:21:04.264 ServerApp] Saving file at /G_BIOSCIENZE/concordant/definitivo_set2/Concordant.ipynb
[I 2022-09-12 12:21:11.600 ServerApp] Saving file at /G_BIOSCIENZE/concordant/definitivo_set2/Concordant.ipynb
[I 2022-09-12 12:21:14.542 ServerApp] Saving file at /G_BIOSCIENZE/concordant/definitivo_set2/Concordant.ipynb
[I 2022-09-12 12:21:22.253 ServerApp] Saving file at /G_BIOSCIENZE/concordant/definitivo_set2/Concordant.ipynb
[I 2022-09-12 12:21:43.857 ServerApp] Saving file at /G_BIOSCIENZE/concordant/definitivo_set2/Concordant.ipynb
[I 2022-09-12 12:22:01.057 ServerApp] Saving file at /G_BIOSCIENZE/concordant/definitivo_set2/Concordant.ipynb
[I 2022-09-12 12:22:05.493 ServerApp] Saving file at /G_BIOSCIENZE/concordant/definitivo_set2/Concordant.ipynb
[I 2022-09-12 12:22:26.786 ServerApp] Copying G_BIOSCIENZE/concordant/definitivo_set2/Eukayota.clusters.mini to /G_BIOSCIENZE/concordant/Cotransitions/Notebook
[I 2022-09-12 12:22:26.794 ServerApp] Copying G_BIOSCIENZE/concordant/definitivo_set2/Eukayota.transisionts.mini to /G_BIOSCIENZE/concordant/Cotransitions/Notebook
[W 2022-09-12 12:22:32.523 ServerApp] delete /G_BIOSCIENZE/concordant/Cotransitions/Notebook/Eukayota.transisionts.mini
[W 2022-09-12 12:22:32.523 ServerApp] Skipping trash for /hpc/home/carlo.derito/G_BIOSCIENZE/concordant/Cotransitions/Notebook/Eukayota.transisionts.mini, on different device to home directory
[W 2022-09-12 12:22:32.527 ServerApp] delete /G_BIOSCIENZE/concordant/Cotransitions/Notebook/Eukayota-Copy1.clusters.mini
[W 2022-09-12 12:22:32.527 ServerApp] Skipping trash for /hpc/home/carlo.derito/G_BIOSCIENZE/concordant/Cotransitions/Notebook/Eukayota-Copy1.clusters.mini, on different device to home directory
[W 2022-09-12 12:22:32.535 ServerApp] delete /G_BIOSCIENZE/concordant/Cotransitions/Notebook/Eukayota.clusters.mini
[W 2022-09-12 12:22:32.535 ServerApp] Skipping trash for /hpc/home/carlo.derito/G_BIOSCIENZE/concordant/Cotransitions/Notebook/Eukayota.clusters.mini, on different device to home directory
[W 2022-09-12 12:22:32.555 ServerApp] delete /G_BIOSCIENZE/concordant/Cotransitions/Notebook/Eukayota.transitions.mini
[W 2022-09-12 12:22:32.556 ServerApp] Skipping trash for /hpc/home/carlo.derito/G_BIOSCIENZE/concordant/Cotransitions/Notebook/Eukayota.transitions.mini, on different device to home directory
[I 2022-09-12 12:23:00.414 ServerApp] Saving file at /G_BIOSCIENZE/concordant/Cotransitions/Notebook/Concordant.ipynb
[I 2022-09-12 12:23:11.010 ServerApp] Saving file at /G_BIOSCIENZE/concordant/Cotransitions/Notebook/Concordant.ipynb
[I 2022-09-12 12:23:26.867 ServerApp] Saving file at /G_BIOSCIENZE/concordant/Cotransitions/Notebook/Concordant.ipynb
[I 2022-09-12 12:23:33.594 ServerApp] Saving file at /G_BIOSCIENZE/concordant/Cotransitions/Notebook/Concordant.ipynb
[I 2022-09-12 12:23:38.589 ServerApp] Saving file at /G_BIOSCIENZE/concordant/Cotransitions/Notebook/Concordant.ipynb
[I 2022-09-12 12:24:00.431 ServerApp] Saving file at /G_BIOSCIENZE/concordant/Cotransitions/Notebook/Concordant.ipynb
[I 2022-09-12 12:24:05.557 ServerApp] Saving file at /G_BIOSCIENZE/concordant/definitivo_set2/Concordant.ipynb
[I 2022-09-12 12:24:21.378 ServerApp] Saving file at /G_BIOSCIENZE/concordant/Cotransitions/Notebook/Concordant.ipynb
[I 2022-09-12 12:25:05.159 ServerApp] Saving file at /G_BIOSCIENZE/concordant/Cotransitions/Notebook/Concordant.ipynb
[I 2022-09-12 12:25:30.990 ServerApp] Saving file at /G_BIOSCIENZE/concordant/Cotransitions/Notebook/Concordant.ipynb
[I 2022-09-12 12:25:51.490 ServerApp] Saving file at /G_BIOSCIENZE/concordant/Cotransitions/Notebook/Concordant.ipynb
[I 2022-09-12 12:25:56.782 ServerApp] Saving file at /G_BIOSCIENZE/concordant/Cotransitions/Notebook/Concordant.ipynb
[I 2022-09-12 12:27:56.845 ServerApp] Saving file at /G_BIOSCIENZE/concordant/Cotransitions/Notebook/Concordant.ipynb
[I 2022-09-12 12:28:50.408 ServerApp] Saving file at /G_BIOSCIENZE/concordant/Cotransitions/Notebook/Concordant.ipynb
[I 2022-09-12 12:29:39.182 ServerApp] Saving file at /G_BIOSCIENZE/concordant/Cotransitions/Notebook/Concordant.ipynb
[I 2022-09-12 12:29:47.182 ServerApp] Saving file at /G_BIOSCIENZE/concordant/Cotransitions/Notebook/Concordant.ipynb
[I 2022-09-12 12:30:07.448 ServerApp] Saving file at /G_BIOSCIENZE/concordant/Cotransitions/Notebook/Concordant.ipynb
[I 2022-09-12 12:31:58.583 ServerApp] Saving file at /G_BIOSCIENZE/concordant/Cotransitions/Notebook/Concordant.ipynb
[I 2022-09-12 12:32:24.349 ServerApp] Saving file at /G_BIOSCIENZE/concordant/Cotransitions/Notebook/Concordant.ipynb
[I 2022-09-12 12:33:09.575 ServerApp] Saving file at /G_BIOSCIENZE/concordant/Cotransitions/Notebook/Concordant.ipynb
[I 2022-09-12 12:33:21.302 ServerApp] Saving file at /G_BIOSCIENZE/concordant/Cotransitions/Notebook/Concordant.ipynb
[I 2022-09-12 12:33:32.225 ServerApp] Saving file at /G_BIOSCIENZE/concordant/Cotransitions/Notebook/Concordant.ipynb
[I 2022-09-12 12:34:03.819 ServerApp] Saving file at /G_BIOSCIENZE/concordant/Cotransitions/Notebook/Concordant.ipynb
[I 2022-09-12 12:34:20.583 ServerApp] Saving file at /G_BIOSCIENZE/concordant/Cotransitions/Notebook/Concordant.ipynb
[I 2022-09-12 12:34:22.746 ServerApp] Saving file at /G_BIOSCIENZE/concordant/Cotransitions/Notebook/Concordant.ipynb
[I 2022-09-12 12:34:46.183 ServerApp] Saving file at /G_BIOSCIENZE/concordant/Cotransitions/Notebook/Concordant.ipynb
[I 2022-09-12 12:34:53.094 ServerApp] Saving file at /G_BIOSCIENZE/concordant/Cotransitions/Notebook/Concordant.ipynb
[I 2022-09-12 12:34:58.206 ServerApp] Saving file at /G_BIOSCIENZE/concordant/Cotransitions/Notebook/Concordant.ipynb
[I 2022-09-12 12:35:25.982 ServerApp] Saving file at /G_BIOSCIENZE/concordant/Cotransitions/Notebook/Concordant.ipynb
[I 2022-09-12 12:35:32.754 ServerApp] Saving file at /G_BIOSCIENZE/concordant/Cotransitions/Notebook/Concordant.ipynb
[I 2022-09-12 12:36:00.045 ServerApp] Saving file at /G_BIOSCIENZE/concordant/Cotransitions/Notebook/Concordant.ipynb
[I 2022-09-12 12:36:08.571 ServerApp] Saving file at /G_BIOSCIENZE/concordant/Cotransitions/Notebook/Concordant.ipynb
[I 2022-09-12 12:36:33.445 ServerApp] Saving file at /G_BIOSCIENZE/concordant/Cotransitions/Notebook/Concordant.ipynb
[I 2022-09-12 12:37:00.750 ServerApp] Saving file at /G_BIOSCIENZE/concordant/Cotransitions/Notebook/Concordant.ipynb
[I 2022-09-12 12:37:19.010 ServerApp] Saving file at /G_BIOSCIENZE/concordant/Cotransitions/Notebook/Concordant.ipynb
[I 2022-09-12 12:37:24.768 ServerApp] Saving file at /G_BIOSCIENZE/concordant/Cotransitions/Notebook/Concordant.ipynb
[I 2022-09-12 12:37:51.477 ServerApp] Saving file at /G_BIOSCIENZE/concordant/Cotransitions/Notebook/Concordant.ipynb
[I 2022-09-12 12:38:38.672 ServerApp] Saving file at /G_BIOSCIENZE/concordant/Cotransitions/Notebook/Concordant.ipynb
[I 2022-09-12 12:38:46.514 ServerApp] Saving file at /G_BIOSCIENZE/concordant/Cotransitions/Notebook/Concordant.ipynb
[I 2022-09-12 12:38:52.908 ServerApp] Saving file at /G_BIOSCIENZE/concordant/Cotransitions/Notebook/Concordant.ipynb
[I 2022-09-12 12:38:56.154 ServerApp] Saving file at /G_BIOSCIENZE/concordant/Cotransitions/Notebook/Concordant.ipynb
[I 2022-09-12 12:39:01.214 ServerApp] Saving file at /G_BIOSCIENZE/concordant/Cotransitions/Notebook/Concordant.ipynb
[I 2022-09-12 12:39:17.478 ServerApp] Saving file at /G_BIOSCIENZE/concordant/Cotransitions/Notebook/Concordant.ipynb
[I 2022-09-12 12:39:30.057 ServerApp] Saving file at /G_BIOSCIENZE/concordant/Cotransitions/Notebook/Concordant.ipynb
[I 2022-09-12 12:39:43.217 ServerApp] Saving file at /G_BIOSCIENZE/concordant/Cotransitions/Notebook/Concordant.ipynb
[I 2022-09-12 12:39:46.343 ServerApp] Saving file at /G_BIOSCIENZE/concordant/Cotransitions/Notebook/Concordant.ipynb
[I 2022-09-12 12:40:29.244 ServerApp] Saving file at /G_BIOSCIENZE/concordant/Cotransitions/Notebook/Concordant.ipynb
[I 2022-09-12 12:40:40.495 ServerApp] Saving file at /G_BIOSCIENZE/concordant/Cotransitions/Notebook/Concordant.ipynb
[I 2022-09-12 12:40:47.030 ServerApp] Saving file at /G_BIOSCIENZE/concordant/Cotransitions/Notebook/Concordant.ipynb
[I 2022-09-12 12:40:51.975 ServerApp] Saving file at /G_BIOSCIENZE/concordant/Cotransitions/Notebook/Concordant.ipynb
[I 2022-09-12 12:41:17.446 ServerApp] Saving file at /G_BIOSCIENZE/concordant/Cotransitions/Notebook/Concordant.ipynb
[I 2022-09-12 12:41:28.962 ServerApp] Saving file at /G_BIOSCIENZE/concordant/Cotransitions/Notebook/Concordant.ipynb
[I 2022-09-12 12:41:39.813 ServerApp] Saving file at /G_BIOSCIENZE/concordant/Cotransitions/Notebook/Concordant.ipynb
[I 2022-09-12 12:41:53.551 ServerApp] Saving file at /G_BIOSCIENZE/concordant/Cotransitions/Notebook/Concordant.ipynb
[I 2022-09-12 12:42:03.415 ServerApp] Saving file at /G_BIOSCIENZE/concordant/Cotransitions/Notebook/Concordant.ipynb
[I 2022-09-12 12:42:06.942 ServerApp] Saving file at /G_BIOSCIENZE/concordant/Cotransitions/Notebook/Concordant.ipynb
[I 2022-09-12 12:42:13.013 ServerApp] Saving file at /G_BIOSCIENZE/concordant/Cotransitions/Notebook/Concordant.ipynb
[I 2022-09-12 12:42:43.209 ServerApp] Saving file at /G_BIOSCIENZE/concordant/Cotransitions/Notebook/Concordant.ipynb
[I 2022-09-12 12:42:47.127 ServerApp] Saving file at /G_BIOSCIENZE/concordant/Cotransitions/Notebook/Concordant.ipynb
[I 2022-09-12 12:43:00.395 ServerApp] Saving file at /G_BIOSCIENZE/concordant/Cotransitions/Notebook/Concordant.ipynb
[I 2022-09-12 12:43:19.852 ServerApp] Saving file at /G_BIOSCIENZE/concordant/Cotransitions/Notebook/Concordant.ipynb
[I 2022-09-12 12:43:28.544 ServerApp] Saving file at /G_BIOSCIENZE/concordant/Cotransitions/Notebook/Concordant.ipynb
[I 2022-09-12 12:44:06.295 ServerApp] Saving file at /G_BIOSCIENZE/concordant/Cotransitions/Notebook/Concordant.ipynb
[I 2022-09-12 12:44:21.132 ServerApp] Saving file at /G_BIOSCIENZE/concordant/Cotransitions/Notebook/Concordant.ipynb
[I 2022-09-12 12:44:28.997 ServerApp] Saving file at /G_BIOSCIENZE/concordant/Cotransitions/Notebook/Concordant.ipynb
[I 2022-09-12 12:44:40.208 ServerApp] Saving file at /G_BIOSCIENZE/concordant/Cotransitions/Notebook/Concordant.ipynb
[I 2022-09-12 12:45:37.665 ServerApp] Saving file at /G_BIOSCIENZE/concordant/Cotransitions/Notebook/Concordant.ipynb
[I 2022-09-12 12:45:48.413 ServerApp] Saving file at /G_BIOSCIENZE/concordant/Cotransitions/Notebook/Concordant.ipynb
[I 2022-09-12 12:46:17.564 ServerApp] Saving file at /G_BIOSCIENZE/concordant/Cotransitions/Notebook/Concordant.ipynb
[I 2022-09-12 12:47:11.222 ServerApp] Saving file at /G_BIOSCIENZE/concordant/Cotransitions/Notebook/Concordant.ipynb
[I 2022-09-12 12:48:05.084 ServerApp] Saving file at /G_BIOSCIENZE/concordant/Cotransitions/Notebook/utilities/funcs.py
[I 2022-09-12 12:48:18.584 ServerApp] Saving file at /G_BIOSCIENZE/concordant/Cotransitions/Notebook/Concordant.ipynb
[I 2022-09-12 12:48:29.825 ServerApp] Saving file at /G_BIOSCIENZE/concordant/Cotransitions/Notebook/Concordant.ipynb
[I 2022-09-12 12:48:36.568 ServerApp] Kernel restarted: a308a76a-2629-4c47-8570-f745dfc8f686
[I 2022-09-12 12:48:37.829 ServerApp] Saving file at /G_BIOSCIENZE/concordant/Cotransitions/Notebook/Concordant.ipynb
[W 2022-09-12 12:48:41.104 ServerApp] Nudge: attempt 10 on kernel a308a76a-2629-4c47-8570-f745dfc8f686
[I 2022-09-12 12:48:42.808 ServerApp] Kernel started: 44180659-4e52-4765-9eec-cc6677ac7d03
[I 2022-09-12 12:48:42.809 ServerApp] Kernel shutdown: a308a76a-2629-4c47-8570-f745dfc8f686
Traceback (most recent call last):
  File "/hpc/group/G_BIOSCIENZE/.conda/envs/cotr/lib/python3.10/runpy.py", line 196, in _run_module_as_main
    return _run_code(code, main_globals, None,
  File "/hpc/group/G_BIOSCIENZE/.conda/envs/cotr/lib/python3.10/runpy.py", line 86, in _run_code
    exec(code, run_globals)
  File "/hpc/group/G_BIOSCIENZE/.conda/envs/cotr/lib/python3.10/site-packages/ipykernel_launcher.py", line 15, in <module>
    from ipykernel import kernelapp as app
  File "/hpc/group/G_BIOSCIENZE/.conda/envs/cotr/lib/python3.10/site-packages/ipykernel/kernelapp.py", line 18, in <module>
    from IPython.core.application import (
  File "/hpc/group/G_BIOSCIENZE/.conda/envs/cotr/lib/python3.10/site-packages/IPython/__init__.py", line 52, in <module>
    from .core.application import Application
  File "/hpc/group/G_BIOSCIENZE/.conda/envs/cotr/lib/python3.10/site-packages/IPython/core/application.py", line 27, in <module>
    from IPython.core import release, crashhandler
  File "/hpc/group/G_BIOSCIENZE/.conda/envs/cotr/lib/python3.10/site-packages/IPython/core/crashhandler.py", line 28, in <module>
    from IPython.core import ultratb
  File "/hpc/group/G_BIOSCIENZE/.conda/envs/cotr/lib/python3.10/site-packages/IPython/core/ultratb.py", line 101, in <module>
    import stack_data
  File "/hpc/group/G_BIOSCIENZE/.conda/envs/cotr/lib/python3.10/site-packages/stack_data/__init__.py", line 1, in <module>
    from .core import Source, FrameInfo, markers_from_ranges, Options, LINE_GAP, Line, Variable, RangeInLine, \
  File "/hpc/group/G_BIOSCIENZE/.conda/envs/cotr/lib/python3.10/site-packages/stack_data/core.py", line 18, in <module>
    from pure_eval import Evaluator, is_expression_interesting
  File "/hpc/group/G_BIOSCIENZE/.conda/envs/cotr/lib/python3.10/site-packages/pure_eval/__init__.py", line 1, in <module>
    from .core import Evaluator, CannotEval, group_expressions, is_expression_interesting
  File "/hpc/group/G_BIOSCIENZE/.conda/envs/cotr/lib/python3.10/site-packages/pure_eval/core.py", line 9, in <module>
    from pure_eval.my_getattr_static import getattr_static
  File "/hpc/group/G_BIOSCIENZE/.conda/envs/cotr/lib/python3.10/site-packages/pure_eval/my_getattr_static.py", line 3, in <module>
    from pure_eval.utils import of_type, CannotEval
  File "<frozen importlib._bootstrap>", line 1027, in _find_and_load
  File "<frozen importlib._bootstrap>", line 1006, in _find_and_load_unlocked
  File "<frozen importlib._bootstrap>", line 688, in _load_unlocked
  File "<frozen importlib._bootstrap_external>", line 879, in exec_module
  File "<frozen importlib._bootstrap_external>", line 975, in get_code
  File "<frozen importlib._bootstrap_external>", line 1074, in get_data
KeyboardInterrupt
[W 2022-09-12 12:48:43.114 ServerApp] Got events for closed stream <zmq.eventloop.zmqstream.ZMQStream object at 0x7f4dfc4eebc0>
[W 2022-09-12 12:48:43.114 ServerApp] Got events for closed stream <zmq.eventloop.zmqstream.ZMQStream object at 0x7f4dfc44fc10>
[W 2022-09-12 12:48:43.114 ServerApp] Got events for closed stream <zmq.eventloop.zmqstream.ZMQStream object at 0x7f4dfc4eebc0>
[W 2022-09-12 12:48:43.114 ServerApp] Got events for closed stream <zmq.eventloop.zmqstream.ZMQStream object at 0x7f4dfc44fc10>
[W 2022-09-12 12:48:43.114 ServerApp] Got events for closed stream <zmq.eventloop.zmqstream.ZMQStream object at 0x7f4dfc4eebc0>
[I 2022-09-12 12:49:05.101 ServerApp] Saving file at /G_BIOSCIENZE/concordant/Cotransitions/Notebook/Concordant.ipynb
[W 2022-09-12 12:49:36.573 ServerApp] Timeout waiting for kernel_info_reply: a308a76a-2629-4c47-8570-f745dfc8f686
[I 2022-09-12 12:49:47.672 ServerApp] Saving file at /G_BIOSCIENZE/concordant/Cotransitions/Notebook/Concordant.ipynb
[I 2022-09-12 12:50:07.575 ServerApp] Saving file at /G_BIOSCIENZE/concordant/Cotransitions/Notebook/Concordant.ipynb
[I 2022-09-12 12:50:16.650 ServerApp] Saving file at /G_BIOSCIENZE/concordant/Cotransitions/Notebook/Concordant.ipynb
[I 2022-09-12 12:50:35.261 ServerApp] Saving file at /G_BIOSCIENZE/concordant/Cotransitions/Notebook/Concordant.ipynb
[I 2022-09-12 12:50:45.946 ServerApp] Saving file at /G_BIOSCIENZE/concordant/Cotransitions/Notebook/Concordant.ipynb
[I 2022-09-12 12:52:07.176 ServerApp] Saving file at /G_BIOSCIENZE/concordant/Cotransitions/Notebook/Concordant.ipynb
[I 2022-09-12 12:52:25.267 ServerApp] Saving file at /G_BIOSCIENZE/concordant/Cotransitions/Notebook/Concordant.ipynb
[I 2022-09-12 12:52:48.659 ServerApp] Saving file at /G_BIOSCIENZE/concordant/Cotransitions/Notebook/Concordant.ipynb
[I 2022-09-12 12:52:58.262 ServerApp] Saving file at /G_BIOSCIENZE/concordant/Cotransitions/Notebook/Concordant.ipynb
[I 2022-09-12 12:53:25.129 ServerApp] Saving file at /G_BIOSCIENZE/concordant/Cotransitions/Notebook/Concordant.ipynb
[I 2022-09-12 12:53:51.084 ServerApp] Saving file at /G_BIOSCIENZE/concordant/Cotransitions/Notebook/Concordant.ipynb
[I 2022-09-12 12:54:18.826 ServerApp] Saving file at /G_BIOSCIENZE/concordant/Cotransitions/Notebook/Concordant.ipynb
[I 2022-09-12 12:54:53.310 ServerApp] Saving file at /G_BIOSCIENZE/concordant/Cotransitions/Notebook/Concordant.ipynb
[I 2022-09-12 12:54:59.772 ServerApp] Saving file at /G_BIOSCIENZE/concordant/Cotransitions/Notebook/Concordant.ipynb
[I 2022-09-12 12:55:09.593 ServerApp] Saving file at /G_BIOSCIENZE/concordant/Cotransitions/Notebook/Concordant.ipynb
[I 2022-09-12 12:56:01.548 ServerApp] Saving file at /G_BIOSCIENZE/concordant/Cotransitions/Notebook/Concordant.ipynb
[I 2022-09-12 12:56:15.580 ServerApp] Saving file at /G_BIOSCIENZE/concordant/Cotransitions/Notebook/Concordant.ipynb
[I 2022-09-12 12:56:21.020 ServerApp] Saving file at /G_BIOSCIENZE/concordant/Cotransitions/Notebook/Concordant.ipynb
[I 2022-09-12 12:56:31.753 ServerApp] Saving file at /G_BIOSCIENZE/concordant/Cotransitions/Notebook/Concordant.ipynb
[I 2022-09-12 12:56:45.935 ServerApp] Saving file at /G_BIOSCIENZE/concordant/Cotransitions/Notebook/Concordant.ipynb
